<?xml version="1.0" encoding="UTF-8"?>
<!-- Generated by org.testng.reporters.JUnitReportReporter -->
<testsuite hostname="DESKTOP-5KB58OA" failures="0" tests="1" name="SerializeTest" time="4.066" errors="0" timestamp="2024-08-10T15:04:33 IST" skipped="0">
  <testcase classname="SerializeTest" name="serialize" time="4.066"/>
</testsuite> <!-- SerializeTest -->
