<?xml version="1.0" encoding="UTF-8"?>
<!-- Generated by org.testng.reporters.JUnitReportReporter -->
<testsuite hostname="DESKTOP-5KB58OA" failures="0" tests="1" name="SumValidation" time="1.538" errors="0" timestamp="2024-08-09T15:59:43 IST" skipped="0">
  <testcase classname="SumValidation" name="sumOfCourses" time="1.538"/>
</testsuite> <!-- SumValidation -->
