<?xml version="1.0" encoding="UTF-8"?>
<!-- Generated by org.testng.reporters.JUnitReportReporter -->
<testsuite hostname="DESKTOP-5KB58OA" failures="0" tests="1" name="SpecBuilderTest" time="2.885" errors="0" timestamp="2024-08-10T16:01:07 IST" skipped="0">
  <testcase classname="SpecBuilderTest" name="serializeTest" time="2.885"/>
</testsuite> <!-- SpecBuilderTest -->
