<?xml version="1.0" encoding="UTF-8"?>
<!-- Generated by org.testng.reporters.JUnitReportReporter -->
<testsuite hostname="DESKTOP-5KB58OA" failures="0" tests="1" name="OAuth" time="3.202" errors="0" timestamp="2024-08-10T11:13:06 IST" skipped="0">
  <testcase classname="OAuth" name="clientCredentialsOAuth" time="3.202"/>
</testsuite> <!-- OAuth -->
