<?xml version="1.0" encoding="UTF-8"?>
<!-- Generated by org.testng.reporters.JUnitReportReporter -->
<testsuite hostname="DESKTOP-5KB58OA" failures="0" tests="3" name="files.DynamicJson" time="5.146" errors="0" timestamp="2024-08-09T18:40:11 IST" skipped="0">
  <testcase classname="files.DynamicJson" name="addBook" time="0.555"/>
  <testcase classname="files.DynamicJson" name="addBook" time="4.030"/>
  <testcase classname="files.DynamicJson" name="addBook" time="0.561"/>
</testsuite> <!-- files.DynamicJson -->
