<?xml version="1.0" encoding="UTF-8"?>
<!-- Generated by org.testng.reporters.JUnitReportReporter -->
<testsuite hostname="DESKTOP-5KB58OA" failures="0" tests="1" name="OAuthTest" time="3.522" errors="0" timestamp="2024-08-10T14:00:06 IST" skipped="0">
  <testcase classname="OAuthTest" name="clientCredentialsOAuth" time="3.522"/>
</testsuite> <!-- OAuthTest -->
